This is e-pTeX, Version 3.14159265-p3.7-160201-2.6 (utf8.sjis) (TeX Live 2016/W32TeX) (preloaded format=platex 2016.3.22)  11 FEB 2021 13:54
entering extended mode
 restricted \write18 enabled.
 %&-line parsing enabled.
**./6.tex
(./6.tex
pLaTeX2e <2006/11/10> (based on LaTeX2e <2016/02/01> patch level 0)
Babel <3.9q> and hyphenation patterns for 81 language(s) loaded.

! LaTeX Error: Missing \begin{document}.

See the LaTeX manual or LaTeX Companion for explanation.
Type  H <return>  for immediate help.
 ...                                              
                                                  
l.2 本
      研究ではセンシング技術、物体検出技術、および複数デバイス間の無線通信と...

You're in trouble here.  Try typing  <return>  to proceed.
If that doesn't work, type  X <return>  to quit.


Overfull \hbox (20.0pt too wide) in paragraph at lines 2--3
[]
 []


Overfull \hbox (9.62216pt too wide) in paragraph at lines 2--3
\JY1/mc/m/n/10 本
 []


Overfull \hbox (9.62216pt too wide) in paragraph at lines 2--3
\JY1/mc/m/n/10 研
 []


Overfull \hbox (9.62216pt too wide) in paragraph at lines 2--3
\JY1/mc/m/n/10 究
 []


Overfull \hbox (9.62216pt too wide) in paragraph at lines 2--3
\JY1/mc/m/n/10 で
 []


Overfull \hbox (9.62216pt too wide) in paragraph at lines 2--3
\JY1/mc/m/n/10 は
 []


Overfull \hbox (9.62216pt too wide) in paragraph at lines 2--3
\JY1/mc/m/n/10 セ
 []


Overfull \hbox (9.62216pt too wide) in paragraph at lines 2--3
\JY1/mc/m/n/10 ン
 []


Overfull \hbox (9.62216pt too wide) in paragraph at lines 2--3
\JY1/mc/m/n/10 シ
 []


Overfull \hbox (9.62216pt too wide) in paragraph at lines 2--3
\JY1/mc/m/n/10 ン
 []


Overfull \hbox (9.62216pt too wide) in paragraph at lines 2--3
\JY1/mc/m/n/10 グ
 []


Overfull \hbox (9.62216pt too wide) in paragraph at lines 2--3
\JY1/mc/m/n/10 技
 []


Overfull \hbox (14.1623pt too wide) in paragraph at lines 2--3
\JY1/mc/m/n/10 術 、
 []


Overfull \hbox (9.62216pt too wide) in paragraph at lines 2--3
\JY1/mc/m/n/10 物
 []


Overfull \hbox (9.62216pt too wide) in paragraph at lines 2--3
\JY1/mc/m/n/10 体
 []


Overfull \hbox (9.62216pt too wide) in paragraph at lines 2--3
\JY1/mc/m/n/10 検
 []


Overfull \hbox (9.62216pt too wide) in paragraph at lines 2--3
\JY1/mc/m/n/10 出
 []


Overfull \hbox (9.62216pt too wide) in paragraph at lines 2--3
\JY1/mc/m/n/10 技
 []


Overfull \hbox (14.1623pt too wide) in paragraph at lines 2--3
\JY1/mc/m/n/10 術 、
 []


Overfull \hbox (9.62216pt too wide) in paragraph at lines 2--3
\JY1/mc/m/n/10 お
 []


Overfull \hbox (9.62216pt too wide) in paragraph at lines 2--3
\JY1/mc/m/n/10 よ
 []


Overfull \hbox (9.62216pt too wide) in paragraph at lines 2--3
\JY1/mc/m/n/10 び
 []


Overfull \hbox (9.62216pt too wide) in paragraph at lines 2--3
\JY1/mc/m/n/10 複
 []


Overfull \hbox (9.62216pt too wide) in paragraph at lines 2--3
\JY1/mc/m/n/10 数
 []


Overfull \hbox (9.62216pt too wide) in paragraph at lines 2--3
\JY1/mc/m/n/10 デ
 []


Overfull \hbox (9.62216pt too wide) in paragraph at lines 2--3
\JY1/mc/m/n/10 バ
 []


Overfull \hbox (9.62216pt too wide) in paragraph at lines 2--3
\JY1/mc/m/n/10 イ
 []


Overfull \hbox (9.62216pt too wide) in paragraph at lines 2--3
\JY1/mc/m/n/10 ス
 []


Overfull \hbox (9.62216pt too wide) in paragraph at lines 2--3
\JY1/mc/m/n/10 間
 []


Overfull \hbox (9.62216pt too wide) in paragraph at lines 2--3
\JY1/mc/m/n/10 の
 []


Overfull \hbox (9.62216pt too wide) in paragraph at lines 2--3
\JY1/mc/m/n/10 無
 []


Overfull \hbox (9.62216pt too wide) in paragraph at lines 2--3
\JY1/mc/m/n/10 線
 []


Overfull \hbox (9.62216pt too wide) in paragraph at lines 2--3
\JY1/mc/m/n/10 通
 []


Overfull \hbox (9.62216pt too wide) in paragraph at lines 2--3
\JY1/mc/m/n/10 信
 []


Overfull \hbox (9.62216pt too wide) in paragraph at lines 2--3
\JY1/mc/m/n/10 と
 []


Overfull \hbox (9.62216pt too wide) in paragraph at lines 2--3
\JY1/mc/m/n/10 い
 []


Overfull \hbox (9.62216pt too wide) in paragraph at lines 2--3
\JY1/mc/m/n/10 う
 []


Overfull \hbox (5.00002pt too wide) in paragraph at lines 2--3
\OT1/cmr/m/n/10 3
 []


Overfull \hbox (9.62216pt too wide) in paragraph at lines 2--3
\JY1/mc/m/n/10 つ
 []


Overfull \hbox (9.62216pt too wide) in paragraph at lines 2--3
\JY1/mc/m/n/10 の
 []


Overfull \hbox (9.62216pt too wide) in paragraph at lines 2--3
\JY1/mc/m/n/10 技
 []


Overfull \hbox (9.62216pt too wide) in paragraph at lines 2--3
\JY1/mc/m/n/10 術
 []


Overfull \hbox (9.62216pt too wide) in paragraph at lines 2--3
\JY1/mc/m/n/10 と
 []


Overfull \hbox (18.74432pt too wide) in paragraph at lines 2--3
\JY1/mc/m/n/10 デ ー
 []


Overfull \hbox (9.62216pt too wide) in paragraph at lines 2--3
\JY1/mc/m/n/10 タ
 []


Overfull \hbox (9.62216pt too wide) in paragraph at lines 2--3
\JY1/mc/m/n/10 分
 []


Overfull \hbox (9.62216pt too wide) in paragraph at lines 2--3
\JY1/mc/m/n/10 析
 []


Overfull \hbox (9.62216pt too wide) in paragraph at lines 2--3
\JY1/mc/m/n/10 の
 []


Overfull \hbox (9.62216pt too wide) in paragraph at lines 2--3
\JY1/mc/m/n/10 組
 []


Overfull \hbox (9.62216pt too wide) in paragraph at lines 2--3
\JY1/mc/m/n/10 み
 []


Overfull \hbox (9.62216pt too wide) in paragraph at lines 2--3
\JY1/mc/m/n/10 合
 []


Overfull \hbox (9.62216pt too wide) in paragraph at lines 2--3
\JY1/mc/m/n/10 わ
 []


Overfull \hbox (9.62216pt too wide) in paragraph at lines 2--3
\JY1/mc/m/n/10 せ
 []


Overfull \hbox (9.62216pt too wide) in paragraph at lines 2--3
\JY1/mc/m/n/10 に
 []


Overfull \hbox (9.62216pt too wide) in paragraph at lines 2--3
\JY1/mc/m/n/10 よ
 []


Overfull \hbox (7.47433pt too wide) in paragraph at lines 2--3
\JY1/mc/m/n/10 っ
 []


Overfull \hbox (14.1623pt too wide) in paragraph at lines 2--3
\JY1/mc/m/n/10 て 、
 []


Overfull \hbox (9.62216pt too wide) in paragraph at lines 2--3
\JY1/mc/m/n/10 感
 []


Overfull \hbox (9.62216pt too wide) in paragraph at lines 2--3
\JY1/mc/m/n/10 染
 []


Overfull \hbox (9.62216pt too wide) in paragraph at lines 2--3
\JY1/mc/m/n/10 症
 []


Overfull \hbox (9.62216pt too wide) in paragraph at lines 2--3
\JY1/mc/m/n/10 予
 []


Overfull \hbox (9.62216pt too wide) in paragraph at lines 2--3
\JY1/mc/m/n/10 防
 []


Overfull \hbox (9.62216pt too wide) in paragraph at lines 2--3
\JY1/mc/m/n/10 と
 []


Overfull \hbox (9.62216pt too wide) in paragraph at lines 2--3
\JY1/mc/m/n/10 い
 []


Overfull \hbox (14.18115pt too wide) in paragraph at lines 2--3
\JY1/mc/m/n/10 う、
 []


Overfull \hbox (9.62216pt too wide) in paragraph at lines 2--3
\JY1/mc/m/n/10 研
 []


Overfull \hbox (13.15881pt too wide) in paragraph at lines 2--3
\JY1/mc/m/n/10 究 ・
 []


Overfull \hbox (9.62216pt too wide) in paragraph at lines 2--3
\JY1/mc/m/n/10 実
 []


Overfull \hbox (9.62216pt too wide) in paragraph at lines 2--3
\JY1/mc/m/n/10 用
 []


Overfull \hbox (9.62216pt too wide) in paragraph at lines 2--3
\JY1/mc/m/n/10 化
 []


Overfull \hbox (9.62216pt too wide) in paragraph at lines 2--3
\JY1/mc/m/n/10 が
 []


Overfull \hbox (9.62216pt too wide) in paragraph at lines 2--3
\JY1/mc/m/n/10 活
 []


Overfull \hbox (9.62216pt too wide) in paragraph at lines 2--3
\JY1/mc/m/n/10 発
 []


Overfull \hbox (9.62216pt too wide) in paragraph at lines 2--3
\JY1/mc/m/n/10 に
 []


Overfull \hbox (9.62216pt too wide) in paragraph at lines 2--3
\JY1/mc/m/n/10 進
 []


Overfull \hbox (9.62216pt too wide) in paragraph at lines 2--3
\JY1/mc/m/n/10 め
 []


Overfull \hbox (9.62216pt too wide) in paragraph at lines 2--3
\JY1/mc/m/n/10 ら
 []


Overfull \hbox (9.62216pt too wide) in paragraph at lines 2--3
\JY1/mc/m/n/10 る
 []


Overfull \hbox (9.62216pt too wide) in paragraph at lines 2--3
\JY1/mc/m/n/10 分
 []


Overfull \hbox (9.62216pt too wide) in paragraph at lines 2--3
\JY1/mc/m/n/10 野
 []


Overfull \hbox (9.62216pt too wide) in paragraph at lines 2--3
\JY1/mc/m/n/10 に
 []


Overfull \hbox (9.62216pt too wide) in paragraph at lines 2--3
\JY1/mc/m/n/10 お
 []


Overfull \hbox (9.62216pt too wide) in paragraph at lines 2--3
\JY1/mc/m/n/10 い
 []


Overfull \hbox (9.62216pt too wide) in paragraph at lines 2--3
\JY1/mc/m/n/10 て
 []


Overfull \hbox (9.62216pt too wide) in paragraph at lines 2--3
\JY1/mc/m/n/10 新
 []


Overfull \hbox (9.62216pt too wide) in paragraph at lines 2--3
\JY1/mc/m/n/10 た
 []


Overfull \hbox (9.62216pt too wide) in paragraph at lines 2--3
\JY1/mc/m/n/10 な
 []


Overfull \hbox (9.62216pt too wide) in paragraph at lines 2--3
\JY1/mc/m/n/10 価
 []


Overfull \hbox (9.62216pt too wide) in paragraph at lines 2--3
\JY1/mc/m/n/10 値
 []


Overfull \hbox (9.62216pt too wide) in paragraph at lines 2--3
\JY1/mc/m/n/10 を
 []


Overfull \hbox (9.62216pt too wide) in paragraph at lines 2--3
\JY1/mc/m/n/10 生
 []


Overfull \hbox (9.62216pt too wide) in paragraph at lines 2--3
\JY1/mc/m/n/10 み
 []


Overfull \hbox (9.62216pt too wide) in paragraph at lines 2--3
\JY1/mc/m/n/10 出
 []


Overfull \hbox (9.62216pt too wide) in paragraph at lines 2--3
\JY1/mc/m/n/10 す
 []


Overfull \hbox (9.62216pt too wide) in paragraph at lines 2--3
\JY1/mc/m/n/10 こ
 []


Overfull \hbox (9.62216pt too wide) in paragraph at lines 2--3
\JY1/mc/m/n/10 と
 []


Overfull \hbox (9.62216pt too wide) in paragraph at lines 2--3
\JY1/mc/m/n/10 が
 []


Overfull \hbox (9.62216pt too wide) in paragraph at lines 2--3
\JY1/mc/m/n/10 で
 []


Overfull \hbox (9.62216pt too wide) in paragraph at lines 2--3
\JY1/mc/m/n/10 き
 []


Overfull \hbox (14.1623pt too wide) in paragraph at lines 2--3
\JY1/mc/m/n/10 た 。
 []


Overfull \hbox (9.62216pt too wide) in paragraph at lines 2--3
\JY1/mc/m/n/10 感
 []


Overfull \hbox (9.62216pt too wide) in paragraph at lines 2--3
\JY1/mc/m/n/10 染
 []


Overfull \hbox (9.62216pt too wide) in paragraph at lines 2--3
\JY1/mc/m/n/10 症
 []


Overfull \hbox (9.62216pt too wide) in paragraph at lines 2--3
\JY1/mc/m/n/10 予
 []


Overfull \hbox (9.62216pt too wide) in paragraph at lines 2--3
\JY1/mc/m/n/10 防
 []


Overfull \hbox (9.62216pt too wide) in paragraph at lines 2--3
\JY1/mc/m/n/10 に
 []


Overfull \hbox (9.62216pt too wide) in paragraph at lines 2--3
\JY1/mc/m/n/10 関
 []


Overfull \hbox (9.62216pt too wide) in paragraph at lines 2--3
\JY1/mc/m/n/10 し
 []


Overfull \hbox (9.62216pt too wide) in paragraph at lines 2--3
\JY1/mc/m/n/10 て
 []


Overfull \hbox (14.1623pt too wide) in paragraph at lines 2--3
\JY1/mc/m/n/10 は 、
 []


Overfull \hbox (9.62216pt too wide) in paragraph at lines 2--3
\JY1/mc/m/n/10 既
 []


Overfull \hbox (9.62216pt too wide) in paragraph at lines 2--3
\JY1/mc/m/n/10 に
 []


Overfull \hbox (17.0965pt too wide) in paragraph at lines 2--3
\JY1/mc/m/n/10 様 々
 []


Overfull \hbox (9.62216pt too wide) in paragraph at lines 2--3
\JY1/mc/m/n/10 な
 []


Overfull \hbox (9.62216pt too wide) in paragraph at lines 2--3
\JY1/mc/m/n/10 分
 []


Overfull \hbox (9.62216pt too wide) in paragraph at lines 2--3
\JY1/mc/m/n/10 野
 []


Overfull \hbox (9.62216pt too wide) in paragraph at lines 2--3
\JY1/mc/m/n/10 で
 []


Overfull \hbox (9.62216pt too wide) in paragraph at lines 2--3
\JY1/mc/m/n/10 研
 []


Overfull \hbox (13.15881pt too wide) in paragraph at lines 2--3
\JY1/mc/m/n/10 究 ・
 []


Overfull \hbox (9.62216pt too wide) in paragraph at lines 2--3
\JY1/mc/m/n/10 開
 []


Overfull \hbox (9.62216pt too wide) in paragraph at lines 2--3
\JY1/mc/m/n/10 発
 []


Overfull \hbox (9.62216pt too wide) in paragraph at lines 2--3
\JY1/mc/m/n/10 が
 []


Overfull \hbox (9.62216pt too wide) in paragraph at lines 2--3
\JY1/mc/m/n/10 な
 []


Overfull \hbox (9.62216pt too wide) in paragraph at lines 2--3
\JY1/mc/m/n/10 さ
 []


Overfull \hbox (9.62216pt too wide) in paragraph at lines 2--3
\JY1/mc/m/n/10 れ
 []


Overfull \hbox (9.62216pt too wide) in paragraph at lines 2--3
\JY1/mc/m/n/10 て
 []


Overfull \hbox (9.62216pt too wide) in paragraph at lines 2--3
\JY1/mc/m/n/10 い
 []


Overfull \hbox (9.62216pt too wide) in paragraph at lines 2--3
\JY1/mc/m/n/10 る
 []


Overfull \hbox (9.62216pt too wide) in paragraph at lines 2--3
\JY1/mc/m/n/10 も
 []


Overfull \hbox (9.62216pt too wide) in paragraph at lines 2--3
\JY1/mc/m/n/10 の
 []


Overfull \hbox (9.62216pt too wide) in paragraph at lines 2--3
\JY1/mc/m/n/10 と
 []


Overfull \hbox (9.62216pt too wide) in paragraph at lines 2--3
\JY1/mc/m/n/10 思
 []


Overfull \hbox (9.62216pt too wide) in paragraph at lines 2--3
\JY1/mc/m/n/10 わ
 []


Overfull \hbox (9.62216pt too wide) in paragraph at lines 2--3
\JY1/mc/m/n/10 れ
 []


Overfull \hbox (9.62216pt too wide) in paragraph at lines 2--3
\JY1/mc/m/n/10 る
 []


Overfull \hbox (14.1623pt too wide) in paragraph at lines 2--3
\JY1/mc/m/n/10 が 、
 []


Overfull \hbox (9.62216pt too wide) in paragraph at lines 2--3
\JY1/mc/m/n/10 今
 []


Overfull \hbox (9.62216pt too wide) in paragraph at lines 2--3
\JY1/mc/m/n/10 回
 []


Overfull \hbox (9.62216pt too wide) in paragraph at lines 2--3
\JY1/mc/m/n/10 私
 []


Overfull \hbox (9.62216pt too wide) in paragraph at lines 2--3
\JY1/mc/m/n/10 た
 []


Overfull \hbox (9.62216pt too wide) in paragraph at lines 2--3
\JY1/mc/m/n/10 ち
 []


Overfull \hbox (9.62216pt too wide) in paragraph at lines 2--3
\JY1/mc/m/n/10 が
 []


Overfull \hbox (9.62216pt too wide) in paragraph at lines 2--3
\JY1/mc/m/n/10 開
 []


Overfull \hbox (9.62216pt too wide) in paragraph at lines 2--3
\JY1/mc/m/n/10 発
 []


Overfull \hbox (9.62216pt too wide) in paragraph at lines 2--3
\JY1/mc/m/n/10 し
 []


Overfull \hbox (9.62216pt too wide) in paragraph at lines 2--3
\JY1/mc/m/n/10 た
 []


Overfull \hbox (9.62216pt too wide) in paragraph at lines 2--3
\JY1/mc/m/n/10 シ
 []


Overfull \hbox (9.62216pt too wide) in paragraph at lines 2--3
\JY1/mc/m/n/10 ス
 []


Overfull \hbox (9.62216pt too wide) in paragraph at lines 2--3
\JY1/mc/m/n/10 テ
 []


Overfull \hbox (9.62216pt too wide) in paragraph at lines 2--3
\JY1/mc/m/n/10 ム
 []


Overfull \hbox (14.1623pt too wide) in paragraph at lines 2--3
\JY1/mc/m/n/10 も 、
 []


Overfull \hbox (9.62216pt too wide) in paragraph at lines 2--3
\JY1/mc/m/n/10 感
 []


Overfull \hbox (9.62216pt too wide) in paragraph at lines 2--3
\JY1/mc/m/n/10 染
 []


Overfull \hbox (9.62216pt too wide) in paragraph at lines 2--3
\JY1/mc/m/n/10 症
 []


Overfull \hbox (9.62216pt too wide) in paragraph at lines 2--3
\JY1/mc/m/n/10 予
 []


Overfull \hbox (9.62216pt too wide) in paragraph at lines 2--3
\JY1/mc/m/n/10 防
 []


Overfull \hbox (9.62216pt too wide) in paragraph at lines 2--3
\JY1/mc/m/n/10 へ
 []


Overfull \hbox (9.62216pt too wide) in paragraph at lines 2--3
\JY1/mc/m/n/10 の
 []


Overfull \hbox (5.00002pt too wide) in paragraph at lines 2--3
\OT1/cmr/m/n/10 1
 []


Overfull \hbox (9.62216pt too wide) in paragraph at lines 2--3
\JY1/mc/m/n/10 つ
 []


Overfull \hbox (9.62216pt too wide) in paragraph at lines 2--3
\JY1/mc/m/n/10 の
 []


Overfull \hbox (9.62216pt too wide) in paragraph at lines 2--3
\JY1/mc/m/n/10 ア
 []


Overfull \hbox (9.62216pt too wide) in paragraph at lines 2--3
\JY1/mc/m/n/10 プ
 []


Overfull \hbox (18.74432pt too wide) in paragraph at lines 2--3
\JY1/mc/m/n/10 ロ ー
 []


Overfull \hbox (9.62216pt too wide) in paragraph at lines 2--3
\JY1/mc/m/n/10 チ
 []


Overfull \hbox (9.62216pt too wide) in paragraph at lines 2--3
\JY1/mc/m/n/10 と
 []


Overfull \hbox (9.62216pt too wide) in paragraph at lines 2--3
\JY1/mc/m/n/10 し
 []


Overfull \hbox (9.62216pt too wide) in paragraph at lines 2--3
\JY1/mc/m/n/10 て
 []


Overfull \hbox (9.62216pt too wide) in paragraph at lines 2--3
\JY1/mc/m/n/10 受
 []


Overfull \hbox (9.62216pt too wide) in paragraph at lines 2--3
\JY1/mc/m/n/10 け
 []


Overfull \hbox (9.62216pt too wide) in paragraph at lines 2--3
\JY1/mc/m/n/10 入
 []


Overfull \hbox (9.62216pt too wide) in paragraph at lines 2--3
\JY1/mc/m/n/10 れ
 []


Overfull \hbox (9.62216pt too wide) in paragraph at lines 2--3
\JY1/mc/m/n/10 ら
 []


Overfull \hbox (9.62216pt too wide) in paragraph at lines 2--3
\JY1/mc/m/n/10 れ
 []


Overfull \hbox (9.62216pt too wide) in paragraph at lines 2--3
\JY1/mc/m/n/10 る
 []


Overfull \hbox (9.62216pt too wide) in paragraph at lines 2--3
\JY1/mc/m/n/10 こ
 []


Overfull \hbox (9.62216pt too wide) in paragraph at lines 2--3
\JY1/mc/m/n/10 と
 []


Overfull \hbox (14.1623pt too wide) in paragraph at lines 2--3
\JY1/mc/m/n/10 で 、
 []


Overfull \hbox (9.62216pt too wide) in paragraph at lines 2--3
\JY1/mc/m/n/10 少
 []


Overfull \hbox (9.62216pt too wide) in paragraph at lines 2--3
\JY1/mc/m/n/10 し
 []


Overfull \hbox (9.62216pt too wide) in paragraph at lines 2--3
\JY1/mc/m/n/10 で
 []


Overfull \hbox (9.62216pt too wide) in paragraph at lines 2--3
\JY1/mc/m/n/10 も
 []


Overfull \hbox (9.62216pt too wide) in paragraph at lines 2--3
\JY1/mc/m/n/10 こ
 []


Overfull \hbox (9.62216pt too wide) in paragraph at lines 2--3
\JY1/mc/m/n/10 の
 []


Overfull \hbox (9.62216pt too wide) in paragraph at lines 2--3
\JY1/mc/m/n/10 分
 []


Overfull \hbox (9.62216pt too wide) in paragraph at lines 2--3
\JY1/mc/m/n/10 野
 []


Overfull \hbox (9.62216pt too wide) in paragraph at lines 2--3
\JY1/mc/m/n/10 の
 []


Overfull \hbox (9.62216pt too wide) in paragraph at lines 2--3
\JY1/mc/m/n/10 発
 []


Overfull \hbox (9.62216pt too wide) in paragraph at lines 2--3
\JY1/mc/m/n/10 展
 []


Overfull \hbox (9.62216pt too wide) in paragraph at lines 2--3
\JY1/mc/m/n/10 に
 []


Overfull \hbox (9.62216pt too wide) in paragraph at lines 2--3
\JY1/mc/m/n/10 つ
 []


Overfull \hbox (9.62216pt too wide) in paragraph at lines 2--3
\JY1/mc/m/n/10 な
 []


Overfull \hbox (9.62216pt too wide) in paragraph at lines 2--3
\JY1/mc/m/n/10 げ
 []


Overfull \hbox (9.62216pt too wide) in paragraph at lines 2--3
\JY1/mc/m/n/10 ら
 []


Overfull \hbox (9.62216pt too wide) in paragraph at lines 2--3
\JY1/mc/m/n/10 れ
 []


Overfull \hbox (9.62216pt too wide) in paragraph at lines 2--3
\JY1/mc/m/n/10 た
 []


Overfull \hbox (9.62216pt too wide) in paragraph at lines 2--3
\JY1/mc/m/n/10 ら
 []


Overfull \hbox (9.62216pt too wide) in paragraph at lines 2--3
\JY1/mc/m/n/10 と
 []


Overfull \hbox (9.62216pt too wide) in paragraph at lines 2--3
\JY1/mc/m/n/10 思
 []


Overfull \hbox (14.18115pt too wide) in paragraph at lines 2--3
\JY1/mc/m/n/10 う。 
 []


! LaTeX Error: The font size command \normalsize is not defined:
               there is probably something wrong with the class file.

See the LaTeX manual or LaTeX Companion for explanation.
Type  H <return>  for immediate help.
 ...                                              
                                                  
l.3 
    
Your command was ignored.
Type  I <command> <return>  to replace it with another command,
or  <return>  to continue without it.

[1]

! LaTeX Error: Missing \begin{document}.

See the LaTeX manual or LaTeX Companion for explanation.
Type  H <return>  for immediate help.
 ...                                              
                                                  
l.4 ま
      た、今回開発した感染症予防のために活用するシステムは、社会的な必要性も...

You're in trouble here.  Try typing  <return>  to proceed.
If that doesn't work, type  X <return>  to quit.


Overfull \hbox (20.0pt too wide) in paragraph at lines 4--5
[]
 []


Overfull \hbox (9.62216pt too wide) in paragraph at lines 4--5
\JY1/mc/m/n/10 ま
 []


Overfull \hbox (14.1623pt too wide) in paragraph at lines 4--5
\JY1/mc/m/n/10 た 、
 []


Overfull \hbox (9.62216pt too wide) in paragraph at lines 4--5
\JY1/mc/m/n/10 今
 []


Overfull \hbox (9.62216pt too wide) in paragraph at lines 4--5
\JY1/mc/m/n/10 回
 []


Overfull \hbox (9.62216pt too wide) in paragraph at lines 4--5
\JY1/mc/m/n/10 開
 []


Overfull \hbox (9.62216pt too wide) in paragraph at lines 4--5
\JY1/mc/m/n/10 発
 []


Overfull \hbox (9.62216pt too wide) in paragraph at lines 4--5
\JY1/mc/m/n/10 し
 []


Overfull \hbox (9.62216pt too wide) in paragraph at lines 4--5
\JY1/mc/m/n/10 た
 []


Overfull \hbox (9.62216pt too wide) in paragraph at lines 4--5
\JY1/mc/m/n/10 感
 []


Overfull \hbox (9.62216pt too wide) in paragraph at lines 4--5
\JY1/mc/m/n/10 染
 []


Overfull \hbox (9.62216pt too wide) in paragraph at lines 4--5
\JY1/mc/m/n/10 症
 []


Overfull \hbox (9.62216pt too wide) in paragraph at lines 4--5
\JY1/mc/m/n/10 予
 []


Overfull \hbox (9.62216pt too wide) in paragraph at lines 4--5
\JY1/mc/m/n/10 防
 []


Overfull \hbox (9.62216pt too wide) in paragraph at lines 4--5
\JY1/mc/m/n/10 の
 []


Overfull \hbox (9.62216pt too wide) in paragraph at lines 4--5
\JY1/mc/m/n/10 た
 []


Overfull \hbox (9.62216pt too wide) in paragraph at lines 4--5
\JY1/mc/m/n/10 め
 []


Overfull \hbox (9.62216pt too wide) in paragraph at lines 4--5
\JY1/mc/m/n/10 に
 []


Overfull \hbox (9.62216pt too wide) in paragraph at lines 4--5
\JY1/mc/m/n/10 活
 []


Overfull \hbox (9.62216pt too wide) in paragraph at lines 4--5
\JY1/mc/m/n/10 用
 []


Overfull \hbox (9.62216pt too wide) in paragraph at lines 4--5
\JY1/mc/m/n/10 す
 []


Overfull \hbox (9.62216pt too wide) in paragraph at lines 4--5
\JY1/mc/m/n/10 る
 []


Overfull \hbox (9.62216pt too wide) in paragraph at lines 4--5
\JY1/mc/m/n/10 シ
 []


Overfull \hbox (9.62216pt too wide) in paragraph at lines 4--5
\JY1/mc/m/n/10 ス
 []


Overfull \hbox (9.62216pt too wide) in paragraph at lines 4--5
\JY1/mc/m/n/10 テ
 []


Overfull \hbox (9.62216pt too wide) in paragraph at lines 4--5
\JY1/mc/m/n/10 ム
 []


Overfull \hbox (14.1623pt too wide) in paragraph at lines 4--5
\JY1/mc/m/n/10 は 、
 []


Overfull \hbox (9.62216pt too wide) in paragraph at lines 4--5
\JY1/mc/m/n/10 社
 []


Overfull \hbox (9.62216pt too wide) in paragraph at lines 4--5
\JY1/mc/m/n/10 会
 []


Overfull \hbox (9.62216pt too wide) in paragraph at lines 4--5
\JY1/mc/m/n/10 的
 []


Overfull \hbox (9.62216pt too wide) in paragraph at lines 4--5
\JY1/mc/m/n/10 な
 []


Overfull \hbox (9.62216pt too wide) in paragraph at lines 4--5
\JY1/mc/m/n/10 必
 []


Overfull \hbox (9.62216pt too wide) in paragraph at lines 4--5
\JY1/mc/m/n/10 要
 []


Overfull \hbox (9.62216pt too wide) in paragraph at lines 4--5
\JY1/mc/m/n/10 性
 []


Overfull \hbox (9.62216pt too wide) in paragraph at lines 4--5
\JY1/mc/m/n/10 も
 []


Overfull \hbox (9.62216pt too wide) in paragraph at lines 4--5
\JY1/mc/m/n/10 高
 []


Overfull \hbox (9.62216pt too wide) in paragraph at lines 4--5
\JY1/mc/m/n/10 ま
 []


Overfull \hbox (14.18115pt too wide) in paragraph at lines 4--5
\JY1/mc/m/n/10 り、
 []


Overfull \hbox (9.62216pt too wide) in paragraph at lines 4--5
\JY1/mc/m/n/10 多
 []


Overfull \hbox (9.62216pt too wide) in paragraph at lines 4--5
\JY1/mc/m/n/10 く
 []


Overfull \hbox (9.62216pt too wide) in paragraph at lines 4--5
\JY1/mc/m/n/10 の
 []


Overfull \hbox (9.62216pt too wide) in paragraph at lines 4--5
\JY1/mc/m/n/10 企
 []


Overfull \hbox (9.62216pt too wide) in paragraph at lines 4--5
\JY1/mc/m/n/10 業
 []


Overfull \hbox (9.62216pt too wide) in paragraph at lines 4--5
\JY1/mc/m/n/10 や
 []


Overfull \hbox (9.62216pt too wide) in paragraph at lines 4--5
\JY1/mc/m/n/10 研
 []


Overfull \hbox (9.62216pt too wide) in paragraph at lines 4--5
\JY1/mc/m/n/10 究
 []


Overfull \hbox (9.62216pt too wide) in paragraph at lines 4--5
\JY1/mc/m/n/10 機
 []


Overfull \hbox (9.62216pt too wide) in paragraph at lines 4--5
\JY1/mc/m/n/10 関
 []


Overfull \hbox (9.62216pt too wide) in paragraph at lines 4--5
\JY1/mc/m/n/10 に
 []


Overfull \hbox (9.62216pt too wide) in paragraph at lines 4--5
\JY1/mc/m/n/10 よ
 []


Overfull \hbox (9.62216pt too wide) in paragraph at lines 4--5
\JY1/mc/m/n/10 り
 []


Overfull \hbox (9.62216pt too wide) in paragraph at lines 4--5
\JY1/mc/m/n/10 研
 []


Overfull \hbox (13.15881pt too wide) in paragraph at lines 4--5
\JY1/mc/m/n/10 究 ・
 []


Overfull \hbox (9.62216pt too wide) in paragraph at lines 4--5
\JY1/mc/m/n/10 開
 []


Overfull \hbox (9.62216pt too wide) in paragraph at lines 4--5
\JY1/mc/m/n/10 発
 []


Overfull \hbox (9.62216pt too wide) in paragraph at lines 4--5
\JY1/mc/m/n/10 が
 []


Overfull \hbox (9.62216pt too wide) in paragraph at lines 4--5
\JY1/mc/m/n/10 進
 []


Overfull \hbox (9.62216pt too wide) in paragraph at lines 4--5
\JY1/mc/m/n/10 め
 []


Overfull \hbox (9.62216pt too wide) in paragraph at lines 4--5
\JY1/mc/m/n/10 ら
 []


Overfull \hbox (9.62216pt too wide) in paragraph at lines 4--5
\JY1/mc/m/n/10 れ
 []


Overfull \hbox (9.62216pt too wide) in paragraph at lines 4--5
\JY1/mc/m/n/10 て
 []


Overfull \hbox (9.62216pt too wide) in paragraph at lines 4--5
\JY1/mc/m/n/10 い
 []


Overfull \hbox (9.62216pt too wide) in paragraph at lines 4--5
\JY1/mc/m/n/10 る
 []


Overfull \hbox (9.62216pt too wide) in paragraph at lines 4--5
\JY1/mc/m/n/10 状
 []


Overfull \hbox (9.62216pt too wide) in paragraph at lines 4--5
\JY1/mc/m/n/10 況
 []


Overfull \hbox (9.62216pt too wide) in paragraph at lines 4--5
\JY1/mc/m/n/10 に
 []


Overfull \hbox (9.62216pt too wide) in paragraph at lines 4--5
\JY1/mc/m/n/10 あ
 []


Overfull \hbox (14.1623pt too wide) in paragraph at lines 4--5
\JY1/mc/m/n/10 る 。
 []


Overfull \hbox (9.62216pt too wide) in paragraph at lines 4--5
\JY1/mc/m/n/10 そ
 []


Overfull \hbox (9.62216pt too wide) in paragraph at lines 4--5
\JY1/mc/m/n/10 う
 []


Overfull \hbox (9.62216pt too wide) in paragraph at lines 4--5
\JY1/mc/m/n/10 い
 []


Overfull \hbox (7.47433pt too wide) in paragraph at lines 4--5
\JY1/mc/m/n/10 っ
 []


Overfull \hbox (9.62216pt too wide) in paragraph at lines 4--5
\JY1/mc/m/n/10 た
 []


Overfull \hbox (9.62216pt too wide) in paragraph at lines 4--5
\JY1/mc/m/n/10 状
 []


Overfull \hbox (9.62216pt too wide) in paragraph at lines 4--5
\JY1/mc/m/n/10 況
 []


Overfull \hbox (9.62216pt too wide) in paragraph at lines 4--5
\JY1/mc/m/n/10 下
 []


Overfull \hbox (14.1623pt too wide) in paragraph at lines 4--5
\JY1/mc/m/n/10 で 、
 []


Overfull \hbox (9.62216pt too wide) in paragraph at lines 4--5
\JY1/mc/m/n/10 感
 []


Overfull \hbox (9.62216pt too wide) in paragraph at lines 4--5
\JY1/mc/m/n/10 染
 []


Overfull \hbox (9.62216pt too wide) in paragraph at lines 4--5
\JY1/mc/m/n/10 症
 []


Overfull \hbox (9.62216pt too wide) in paragraph at lines 4--5
\JY1/mc/m/n/10 予
 []


Overfull \hbox (9.62216pt too wide) in paragraph at lines 4--5
\JY1/mc/m/n/10 防
 []


Overfull \hbox (9.62216pt too wide) in paragraph at lines 4--5
\JY1/mc/m/n/10 の
 []


Overfull \hbox (9.62216pt too wide) in paragraph at lines 4--5
\JY1/mc/m/n/10 た
 []


Overfull \hbox (9.62216pt too wide) in paragraph at lines 4--5
\JY1/mc/m/n/10 め
 []


Overfull \hbox (9.62216pt too wide) in paragraph at lines 4--5
\JY1/mc/m/n/10 に
 []


Overfull \hbox (9.62216pt too wide) in paragraph at lines 4--5
\JY1/mc/m/n/10 用
 []


Overfull \hbox (9.62216pt too wide) in paragraph at lines 4--5
\JY1/mc/m/n/10 い
 []


Overfull \hbox (9.62216pt too wide) in paragraph at lines 4--5
\JY1/mc/m/n/10 る
 []


Overfull \hbox (9.62216pt too wide) in paragraph at lines 4--5
\JY1/mc/m/n/10 シ
 []


Overfull \hbox (9.62216pt too wide) in paragraph at lines 4--5
\JY1/mc/m/n/10 ス
 []


Overfull \hbox (9.62216pt too wide) in paragraph at lines 4--5
\JY1/mc/m/n/10 テ
 []


Overfull \hbox (9.62216pt too wide) in paragraph at lines 4--5
\JY1/mc/m/n/10 ム
 []


Overfull \hbox (9.62216pt too wide) in paragraph at lines 4--5
\JY1/mc/m/n/10 と
 []


Overfull \hbox (9.62216pt too wide) in paragraph at lines 4--5
\JY1/mc/m/n/10 し
 []


Overfull \hbox (14.1623pt too wide) in paragraph at lines 4--5
\JY1/mc/m/n/10 て 、
 []


Overfull \hbox (5.00002pt too wide) in paragraph at lines 4--5
\OT1/cmr/m/n/10 3
 []


Overfull \hbox (9.62216pt too wide) in paragraph at lines 4--5
\JY1/mc/m/n/10 密
 []


Overfull \hbox (9.62216pt too wide) in paragraph at lines 4--5
\JY1/mc/m/n/10 回
 []


Overfull \hbox (9.62216pt too wide) in paragraph at lines 4--5
\JY1/mc/m/n/10 避
 []


Overfull \hbox (9.62216pt too wide) in paragraph at lines 4--5
\JY1/mc/m/n/10 に
 []


Overfull \hbox (9.62216pt too wide) in paragraph at lines 4--5
\JY1/mc/m/n/10 役
 []


Overfull \hbox (9.62216pt too wide) in paragraph at lines 4--5
\JY1/mc/m/n/10 立
 []


Overfull \hbox (9.62216pt too wide) in paragraph at lines 4--5
\JY1/mc/m/n/10 て
 []


Overfull \hbox (9.62216pt too wide) in paragraph at lines 4--5
\JY1/mc/m/n/10 ら
 []


Overfull \hbox (9.62216pt too wide) in paragraph at lines 4--5
\JY1/mc/m/n/10 れ
 []


Overfull \hbox (9.62216pt too wide) in paragraph at lines 4--5
\JY1/mc/m/n/10 る
 []


Overfull \hbox (9.62216pt too wide) in paragraph at lines 4--5
\JY1/mc/m/n/10 と
 []


Overfull \hbox (9.62216pt too wide) in paragraph at lines 4--5
\JY1/mc/m/n/10 い
 []


Overfull \hbox (14.18115pt too wide) in paragraph at lines 4--5
\JY1/mc/m/n/10 う、
 []


Overfull \hbox (9.62216pt too wide) in paragraph at lines 4--5
\JY1/mc/m/n/10 新
 []


Overfull \hbox (9.62216pt too wide) in paragraph at lines 4--5
\JY1/mc/m/n/10 型
 []


Overfull \hbox (9.62216pt too wide) in paragraph at lines 4--5
\JY1/mc/m/n/10 コ
 []


Overfull \hbox (9.62216pt too wide) in paragraph at lines 4--5
\JY1/mc/m/n/10 ロ
 []


Overfull \hbox (9.62216pt too wide) in paragraph at lines 4--5
\JY1/mc/m/n/10 ナ
 []


Overfull \hbox (9.62216pt too wide) in paragraph at lines 4--5
\JY1/mc/m/n/10 ウ
 []


Overfull \hbox (9.62216pt too wide) in paragraph at lines 4--5
\JY1/mc/m/n/10 イ
 []


Overfull \hbox (9.62216pt too wide) in paragraph at lines 4--5
\JY1/mc/m/n/10 ル
 []


Overfull \hbox (9.62216pt too wide) in paragraph at lines 4--5
\JY1/mc/m/n/10 ス
 []


Overfull \hbox (9.62216pt too wide) in paragraph at lines 4--5
\JY1/mc/m/n/10 の
 []


Overfull \hbox (9.62216pt too wide) in paragraph at lines 4--5
\JY1/mc/m/n/10 世
 []


Overfull \hbox (9.62216pt too wide) in paragraph at lines 4--5
\JY1/mc/m/n/10 界
 []


Overfull \hbox (9.62216pt too wide) in paragraph at lines 4--5
\JY1/mc/m/n/10 的
 []


Overfull \hbox (9.62216pt too wide) in paragraph at lines 4--5
\JY1/mc/m/n/10 な
 []


Overfull \hbox (9.62216pt too wide) in paragraph at lines 4--5
\JY1/mc/m/n/10 流
 []


Overfull \hbox (9.62216pt too wide) in paragraph at lines 4--5
\JY1/mc/m/n/10 行
 []


Overfull \hbox (9.62216pt too wide) in paragraph at lines 4--5
\JY1/mc/m/n/10 以
 []


Overfull \hbox (9.62216pt too wide) in paragraph at lines 4--5
\JY1/mc/m/n/10 前
 []


Overfull \hbox (9.62216pt too wide) in paragraph at lines 4--5
\JY1/mc/m/n/10 に
 []


Overfull \hbox (9.62216pt too wide) in paragraph at lines 4--5
\JY1/mc/m/n/10 は
 []


Overfull \hbox (9.62216pt too wide) in paragraph at lines 4--5
\JY1/mc/m/n/10 な
 []


Overfull \hbox (9.62216pt too wide) in paragraph at lines 4--5
\JY1/mc/m/n/10 か
 []


Overfull \hbox (7.47433pt too wide) in paragraph at lines 4--5
\JY1/mc/m/n/10 っ
 []


Overfull \hbox (9.62216pt too wide) in paragraph at lines 4--5
\JY1/mc/m/n/10 た
 []


Overfull \hbox (9.62216pt too wide) in paragraph at lines 4--5
\JY1/mc/m/n/10 新
 []


Overfull \hbox (9.62216pt too wide) in paragraph at lines 4--5
\JY1/mc/m/n/10 し
 []


Overfull \hbox (9.62216pt too wide) in paragraph at lines 4--5
\JY1/mc/m/n/10 い
 []


Overfull \hbox (9.62216pt too wide) in paragraph at lines 4--5
\JY1/mc/m/n/10 価
 []


Overfull \hbox (9.62216pt too wide) in paragraph at lines 4--5
\JY1/mc/m/n/10 値
 []


Overfull \hbox (9.62216pt too wide) in paragraph at lines 4--5
\JY1/mc/m/n/10 を
 []


Overfull \hbox (9.62216pt too wide) in paragraph at lines 4--5
\JY1/mc/m/n/10 持
 []


Overfull \hbox (9.62216pt too wide) in paragraph at lines 4--5
\JY1/mc/m/n/10 た
 []


Overfull \hbox (9.62216pt too wide) in paragraph at lines 4--5
\JY1/mc/m/n/10 せ
 []


Overfull \hbox (9.62216pt too wide) in paragraph at lines 4--5
\JY1/mc/m/n/10 る
 []


Overfull \hbox (9.62216pt too wide) in paragraph at lines 4--5
\JY1/mc/m/n/10 こ
 []


Overfull \hbox (9.62216pt too wide) in paragraph at lines 4--5
\JY1/mc/m/n/10 と
 []


Overfull \hbox (14.1623pt too wide) in paragraph at lines 4--5
\JY1/mc/m/n/10 も 、
 []


Overfull \hbox (9.62216pt too wide) in paragraph at lines 4--5
\JY1/mc/m/n/10 研
 []


Overfull \hbox (9.62216pt too wide) in paragraph at lines 4--5
\JY1/mc/m/n/10 究
 []


Overfull \hbox (9.62216pt too wide) in paragraph at lines 4--5
\JY1/mc/m/n/10 の
 []


Overfull \hbox (5.00002pt too wide) in paragraph at lines 4--5
\OT1/cmr/m/n/10 1
 []


Overfull \hbox (9.62216pt too wide) in paragraph at lines 4--5
\JY1/mc/m/n/10 つ
 []


Overfull \hbox (9.62216pt too wide) in paragraph at lines 4--5
\JY1/mc/m/n/10 の
 []


Overfull \hbox (9.62216pt too wide) in paragraph at lines 4--5
\JY1/mc/m/n/10 目
 []


Overfull \hbox (9.62216pt too wide) in paragraph at lines 4--5
\JY1/mc/m/n/10 標
 []


Overfull \hbox (9.62216pt too wide) in paragraph at lines 4--5
\JY1/mc/m/n/10 と
 []


Overfull \hbox (9.62216pt too wide) in paragraph at lines 4--5
\JY1/mc/m/n/10 し
 []


Overfull \hbox (9.62216pt too wide) in paragraph at lines 4--5
\JY1/mc/m/n/10 て
 []


Overfull \hbox (9.62216pt too wide) in paragraph at lines 4--5
\JY1/mc/m/n/10 定
 []


Overfull \hbox (9.62216pt too wide) in paragraph at lines 4--5
\JY1/mc/m/n/10 め
 []


Overfull \hbox (9.62216pt too wide) in paragraph at lines 4--5
\JY1/mc/m/n/10 ら
 []


Overfull \hbox (9.62216pt too wide) in paragraph at lines 4--5
\JY1/mc/m/n/10 れ
 []


Overfull \hbox (14.1623pt too wide) in paragraph at lines 4--5
\JY1/mc/m/n/10 た 。
 []


Overfull \hbox (9.62216pt too wide) in paragraph at lines 4--5
\JY1/mc/m/n/10 本
 []


Overfull \hbox (9.62216pt too wide) in paragraph at lines 4--5
\JY1/mc/m/n/10 研
 []


Overfull \hbox (9.62216pt too wide) in paragraph at lines 4--5
\JY1/mc/m/n/10 究
 []


Overfull \hbox (14.1623pt too wide) in paragraph at lines 4--5
\JY1/mc/m/n/10 で 、
 []


Overfull \hbox (9.62216pt too wide) in paragraph at lines 4--5
\JY1/mc/m/n/10 私
 []


Overfull \hbox (9.62216pt too wide) in paragraph at lines 4--5
\JY1/mc/m/n/10 た
 []


Overfull \hbox (9.62216pt too wide) in paragraph at lines 4--5
\JY1/mc/m/n/10 ち
 []


Overfull \hbox (9.62216pt too wide) in paragraph at lines 4--5
\JY1/mc/m/n/10 の
 []


Overfull \hbox (9.62216pt too wide) in paragraph at lines 4--5
\JY1/mc/m/n/10 考
 []


Overfull \hbox (9.62216pt too wide) in paragraph at lines 4--5
\JY1/mc/m/n/10 え
 []


Overfull \hbox (9.62216pt too wide) in paragraph at lines 4--5
\JY1/mc/m/n/10 る
 []


Overfull \hbox (9.62216pt too wide) in paragraph at lines 4--5
\JY1/mc/m/n/10 感
 []


Overfull \hbox (9.62216pt too wide) in paragraph at lines 4--5
\JY1/mc/m/n/10 染
 []


Overfull \hbox (9.62216pt too wide) in paragraph at lines 4--5
\JY1/mc/m/n/10 症
 []


Overfull \hbox (9.62216pt too wide) in paragraph at lines 4--5
\JY1/mc/m/n/10 予
 []


Overfull \hbox (9.62216pt too wide) in paragraph at lines 4--5
\JY1/mc/m/n/10 防
 []


Overfull \hbox (9.62216pt too wide) in paragraph at lines 4--5
\JY1/mc/m/n/10 の
 []


Overfull \hbox (9.62216pt too wide) in paragraph at lines 4--5
\JY1/mc/m/n/10 サ
 []


Overfull \hbox (18.74432pt too wide) in paragraph at lines 4--5
\JY1/mc/m/n/10 ポ ー
 []


Overfull \hbox (9.62216pt too wide) in paragraph at lines 4--5
\JY1/mc/m/n/10 ト
 []


Overfull \hbox (9.62216pt too wide) in paragraph at lines 4--5
\JY1/mc/m/n/10 シ
 []


Overfull \hbox (9.62216pt too wide) in paragraph at lines 4--5
\JY1/mc/m/n/10 ス
 []


Overfull \hbox (9.62216pt too wide) in paragraph at lines 4--5
\JY1/mc/m/n/10 テ
 []


Overfull \hbox (9.62216pt too wide) in paragraph at lines 4--5
\JY1/mc/m/n/10 ム
 []


Overfull \hbox (9.62216pt too wide) in paragraph at lines 4--5
\JY1/mc/m/n/10 の
 []


Overfull \hbox (9.62216pt too wide) in paragraph at lines 4--5
\JY1/mc/m/n/10 基
 []


Overfull \hbox (9.62216pt too wide) in paragraph at lines 4--5
\JY1/mc/m/n/10 本
 []


Overfull \hbox (9.62216pt too wide) in paragraph at lines 4--5
\JY1/mc/m/n/10 形
 []


Overfull \hbox (9.62216pt too wide) in paragraph at lines 4--5
\JY1/mc/m/n/10 は
 []


Overfull \hbox (9.62216pt too wide) in paragraph at lines 4--5
\JY1/mc/m/n/10 作
 []


Overfull \hbox (9.62216pt too wide) in paragraph at lines 4--5
\JY1/mc/m/n/10 り
 []


Overfull \hbox (9.62216pt too wide) in paragraph at lines 4--5
\JY1/mc/m/n/10 出
 []


Overfull \hbox (9.62216pt too wide) in paragraph at lines 4--5
\JY1/mc/m/n/10 す
 []


Overfull \hbox (9.62216pt too wide) in paragraph at lines 4--5
\JY1/mc/m/n/10 こ
 []


Overfull \hbox (9.62216pt too wide) in paragraph at lines 4--5
\JY1/mc/m/n/10 と
 []


Overfull \hbox (9.62216pt too wide) in paragraph at lines 4--5
\JY1/mc/m/n/10 が
 []


Overfull \hbox (9.62216pt too wide) in paragraph at lines 4--5
\JY1/mc/m/n/10 で
 []


Overfull \hbox (9.62216pt too wide) in paragraph at lines 4--5
\JY1/mc/m/n/10 き
 []


Overfull \hbox (9.62216pt too wide) in paragraph at lines 4--5
\JY1/mc/m/n/10 た
 []


Overfull \hbox (9.62216pt too wide) in paragraph at lines 4--5
\JY1/mc/m/n/10 よ
 []


Overfull \hbox (9.62216pt too wide) in paragraph at lines 4--5
\JY1/mc/m/n/10 う
 []


Overfull \hbox (9.62216pt too wide) in paragraph at lines 4--5
\JY1/mc/m/n/10 に
 []


Overfull \hbox (9.62216pt too wide) in paragraph at lines 4--5
\JY1/mc/m/n/10 思
 []


Overfull \hbox (9.62216pt too wide) in paragraph at lines 4--5
\JY1/mc/m/n/10 う
 []


Overfull \hbox (14.1623pt too wide) in paragraph at lines 4--5
\JY1/mc/m/n/10 が 、
 []


Overfull \hbox (9.62216pt too wide) in paragraph at lines 4--5
\JY1/mc/m/n/10 今
 []


Overfull \hbox (9.62216pt too wide) in paragraph at lines 4--5
\JY1/mc/m/n/10 後
 []


Overfull \hbox (9.62216pt too wide) in paragraph at lines 4--5
\JY1/mc/m/n/10 さ
 []


Overfull \hbox (9.62216pt too wide) in paragraph at lines 4--5
\JY1/mc/m/n/10 ら
 []


Overfull \hbox (9.62216pt too wide) in paragraph at lines 4--5
\JY1/mc/m/n/10 な
 []


Overfull \hbox (9.62216pt too wide) in paragraph at lines 4--5
\JY1/mc/m/n/10 る
 []


Overfull \hbox (9.62216pt too wide) in paragraph at lines 4--5
\JY1/mc/m/n/10 研
 []


Overfull \hbox (9.62216pt too wide) in paragraph at lines 4--5
\JY1/mc/m/n/10 究
 []


Overfull \hbox (9.62216pt too wide) in paragraph at lines 4--5
\JY1/mc/m/n/10 が
 []


Overfull \hbox (9.62216pt too wide) in paragraph at lines 4--5
\JY1/mc/m/n/10 進
 []


Overfull \hbox (9.62216pt too wide) in paragraph at lines 4--5
\JY1/mc/m/n/10 め
 []


Overfull \hbox (9.62216pt too wide) in paragraph at lines 4--5
\JY1/mc/m/n/10 ら
 []


Overfull \hbox (9.62216pt too wide) in paragraph at lines 4--5
\JY1/mc/m/n/10 れ
 []


Overfull \hbox (9.62216pt too wide) in paragraph at lines 4--5
\JY1/mc/m/n/10 れ
 []


Overfull \hbox (14.1623pt too wide) in paragraph at lines 4--5
\JY1/mc/m/n/10 ば 、
 []


Overfull \hbox (9.62216pt too wide) in paragraph at lines 4--5
\JY1/mc/m/n/10 よ
 []


Overfull \hbox (9.62216pt too wide) in paragraph at lines 4--5
\JY1/mc/m/n/10 り
 []


Overfull \hbox (9.62216pt too wide) in paragraph at lines 4--5
\JY1/mc/m/n/10 高
 []


Overfull \hbox (9.62216pt too wide) in paragraph at lines 4--5
\JY1/mc/m/n/10 い
 []


Overfull \hbox (9.62216pt too wide) in paragraph at lines 4--5
\JY1/mc/m/n/10 リ
 []


Overfull \hbox (9.62216pt too wide) in paragraph at lines 4--5
\JY1/mc/m/n/10 ア
 []


Overfull \hbox (9.62216pt too wide) in paragraph at lines 4--5
\JY1/mc/m/n/10 ル
 []


Overfull \hbox (9.62216pt too wide) in paragraph at lines 4--5
\JY1/mc/m/n/10 タ
 []


Overfull \hbox (9.62216pt too wide) in paragraph at lines 4--5
\JY1/mc/m/n/10 イ
 []


Overfull \hbox (9.62216pt too wide) in paragraph at lines 4--5
\JY1/mc/m/n/10 ム
 []


Overfull \hbox (9.62216pt too wide) in paragraph at lines 4--5
\JY1/mc/m/n/10 性
 []


Overfull \hbox (9.62216pt too wide) in paragraph at lines 4--5
\JY1/mc/m/n/10 と
 []


Overfull \hbox (9.62216pt too wide) in paragraph at lines 4--5
\JY1/mc/m/n/10 精
 []


Overfull \hbox (9.62216pt too wide) in paragraph at lines 4--5
\JY1/mc/m/n/10 度
 []


Overfull \hbox (9.62216pt too wide) in paragraph at lines 4--5
\JY1/mc/m/n/10 を
 []


Overfull \hbox (9.62216pt too wide) in paragraph at lines 4--5
\JY1/mc/m/n/10 併
 []


Overfull \hbox (9.62216pt too wide) in paragraph at lines 4--5
\JY1/mc/m/n/10 せ
 []


Overfull \hbox (9.62216pt too wide) in paragraph at lines 4--5
\JY1/mc/m/n/10 持
 []


Overfull \hbox (9.62216pt too wide) in paragraph at lines 4--5
\JY1/mc/m/n/10 つ
 []


Overfull \hbox (9.62216pt too wide) in paragraph at lines 4--5
\JY1/mc/m/n/10 モ
 []


Overfull \hbox (9.62216pt too wide) in paragraph at lines 4--5
\JY1/mc/m/n/10 ニ
 []


Overfull \hbox (9.62216pt too wide) in paragraph at lines 4--5
\JY1/mc/m/n/10 タ
 []


Overfull \hbox (9.62216pt too wide) in paragraph at lines 4--5
\JY1/mc/m/n/10 リ
 []


Overfull \hbox (9.62216pt too wide) in paragraph at lines 4--5
\JY1/mc/m/n/10 ン
 []


Overfull \hbox (9.62216pt too wide) in paragraph at lines 4--5
\JY1/mc/m/n/10 グ
 []


Overfull \hbox (14.1623pt too wide) in paragraph at lines 4--5
\JY1/mc/m/n/10 と 、
 []


Overfull \hbox (9.62216pt too wide) in paragraph at lines 4--5
\JY1/mc/m/n/10 感
 []


Overfull \hbox (9.62216pt too wide) in paragraph at lines 4--5
\JY1/mc/m/n/10 染
 []


Overfull \hbox (9.62216pt too wide) in paragraph at lines 4--5
\JY1/mc/m/n/10 症
 []


Overfull \hbox (9.62216pt too wide) in paragraph at lines 4--5
\JY1/mc/m/n/10 予
 []


Overfull \hbox (9.62216pt too wide) in paragraph at lines 4--5
\JY1/mc/m/n/10 防
 []


Overfull \hbox (9.62216pt too wide) in paragraph at lines 4--5
\JY1/mc/m/n/10 対
 []


Overfull \hbox (9.62216pt too wide) in paragraph at lines 4--5
\JY1/mc/m/n/10 策
 []


Overfull \hbox (9.62216pt too wide) in paragraph at lines 4--5
\JY1/mc/m/n/10 基
 []


Overfull \hbox (9.62216pt too wide) in paragraph at lines 4--5
\JY1/mc/m/n/10 準
 []


Overfull \hbox (9.62216pt too wide) in paragraph at lines 4--5
\JY1/mc/m/n/10 の
 []


Overfull \hbox (9.62216pt too wide) in paragraph at lines 4--5
\JY1/mc/m/n/10 設
 []


Overfull \hbox (9.62216pt too wide) in paragraph at lines 4--5
\JY1/mc/m/n/10 定
 []


Overfull \hbox (9.62216pt too wide) in paragraph at lines 4--5
\JY1/mc/m/n/10 機
 []


Overfull \hbox (9.62216pt too wide) in paragraph at lines 4--5
\JY1/mc/m/n/10 能
 []


Overfull \hbox (9.62216pt too wide) in paragraph at lines 4--5
\JY1/mc/m/n/10 に
 []


Overfull \hbox (9.62216pt too wide) in paragraph at lines 4--5
\JY1/mc/m/n/10 お
 []


Overfull \hbox (9.62216pt too wide) in paragraph at lines 4--5
\JY1/mc/m/n/10 け
 []


Overfull \hbox (9.62216pt too wide) in paragraph at lines 4--5
\JY1/mc/m/n/10 る
 []


Overfull \hbox (9.62216pt too wide) in paragraph at lines 4--5
\JY1/mc/m/n/10 更
 []


Overfull \hbox (9.62216pt too wide) in paragraph at lines 4--5
\JY1/mc/m/n/10 な
 []


Overfull \hbox (9.62216pt too wide) in paragraph at lines 4--5
\JY1/mc/m/n/10 る
 []


Overfull \hbox (9.62216pt too wide) in paragraph at lines 4--5
\JY1/mc/m/n/10 柔
 []


Overfull \hbox (9.62216pt too wide) in paragraph at lines 4--5
\JY1/mc/m/n/10 軟
 []


Overfull \hbox (9.62216pt too wide) in paragraph at lines 4--5
\JY1/mc/m/n/10 性
 []


Overfull \hbox (9.62216pt too wide) in paragraph at lines 4--5
\JY1/mc/m/n/10 を
 []


Overfull \hbox (9.62216pt too wide) in paragraph at lines 4--5
\JY1/mc/m/n/10 実
 []


Overfull \hbox (9.62216pt too wide) in paragraph at lines 4--5
\JY1/mc/m/n/10 現
 []


Overfull \hbox (9.62216pt too wide) in paragraph at lines 4--5
\JY1/mc/m/n/10 で
 []


Overfull \hbox (14.1623pt too wide) in paragraph at lines 4--5
\JY1/mc/m/n/10 き 、
 []


Overfull \hbox (9.62216pt too wide) in paragraph at lines 4--5
\JY1/mc/m/n/10 よ
 []


Overfull \hbox (9.62216pt too wide) in paragraph at lines 4--5
\JY1/mc/m/n/10 り
 []


Overfull \hbox (9.62216pt too wide) in paragraph at lines 4--5
\JY1/mc/m/n/10 利
 []


Overfull \hbox (9.62216pt too wide) in paragraph at lines 4--5
\JY1/mc/m/n/10 用
 []


Overfull \hbox (9.62216pt too wide) in paragraph at lines 4--5
\JY1/mc/m/n/10 し
 []


Overfull \hbox (9.62216pt too wide) in paragraph at lines 4--5
\JY1/mc/m/n/10 や
 []


Overfull \hbox (9.62216pt too wide) in paragraph at lines 4--5
\JY1/mc/m/n/10 す
 []


Overfull \hbox (9.62216pt too wide) in paragraph at lines 4--5
\JY1/mc/m/n/10 い
 []


Overfull \hbox (9.62216pt too wide) in paragraph at lines 4--5
\JY1/mc/m/n/10 も
 []


Overfull \hbox (9.62216pt too wide) in paragraph at lines 4--5
\JY1/mc/m/n/10 の
 []


Overfull \hbox (9.62216pt too wide) in paragraph at lines 4--5
\JY1/mc/m/n/10 へ
 []


Overfull \hbox (9.62216pt too wide) in paragraph at lines 4--5
\JY1/mc/m/n/10 と
 []


Overfull \hbox (9.62216pt too wide) in paragraph at lines 4--5
\JY1/mc/m/n/10 改
 []


Overfull \hbox (9.62216pt too wide) in paragraph at lines 4--5
\JY1/mc/m/n/10 良
 []


Overfull \hbox (9.62216pt too wide) in paragraph at lines 4--5
\JY1/mc/m/n/10 が
 []


Overfull \hbox (9.62216pt too wide) in paragraph at lines 4--5
\JY1/mc/m/n/10 進
 []


Overfull \hbox (9.62216pt too wide) in paragraph at lines 4--5
\JY1/mc/m/n/10 め
 []


Overfull \hbox (9.62216pt too wide) in paragraph at lines 4--5
\JY1/mc/m/n/10 ら
 []


Overfull \hbox (9.62216pt too wide) in paragraph at lines 4--5
\JY1/mc/m/n/10 れ
 []


Overfull \hbox (9.62216pt too wide) in paragraph at lines 4--5
\JY1/mc/m/n/10 る
 []


Overfull \hbox (9.62216pt too wide) in paragraph at lines 4--5
\JY1/mc/m/n/10 こ
 []


Overfull \hbox (9.62216pt too wide) in paragraph at lines 4--5
\JY1/mc/m/n/10 と
 []


Overfull \hbox (9.62216pt too wide) in paragraph at lines 4--5
\JY1/mc/m/n/10 か
 []


Overfull \hbox (14.1623pt too wide) in paragraph at lines 4--5
\JY1/mc/m/n/10 ら 、
 []


Overfull \hbox (9.62216pt too wide) in paragraph at lines 4--5
\JY1/mc/m/n/10 拡
 []


Overfull \hbox (9.62216pt too wide) in paragraph at lines 4--5
\JY1/mc/m/n/10 張
 []


Overfull \hbox (9.62216pt too wide) in paragraph at lines 4--5
\JY1/mc/m/n/10 性
 []


Overfull \hbox (9.62216pt too wide) in paragraph at lines 4--5
\JY1/mc/m/n/10 の
 []


Overfull \hbox (9.62216pt too wide) in paragraph at lines 4--5
\JY1/mc/m/n/10 あ
 []


Overfull \hbox (9.62216pt too wide) in paragraph at lines 4--5
\JY1/mc/m/n/10 る
 []


Overfull \hbox (9.62216pt too wide) in paragraph at lines 4--5
\JY1/mc/m/n/10 研
 []


Overfull \hbox (9.62216pt too wide) in paragraph at lines 4--5
\JY1/mc/m/n/10 究
 []


Overfull \hbox (9.62216pt too wide) in paragraph at lines 4--5
\JY1/mc/m/n/10 で
 []


Overfull \hbox (9.62216pt too wide) in paragraph at lines 4--5
\JY1/mc/m/n/10 あ
 []


Overfull \hbox (9.62216pt too wide) in paragraph at lines 4--5
\JY1/mc/m/n/10 る
 []


Overfull \hbox (9.62216pt too wide) in paragraph at lines 4--5
\JY1/mc/m/n/10 こ
 []


Overfull \hbox (9.62216pt too wide) in paragraph at lines 4--5
\JY1/mc/m/n/10 と
 []


Overfull \hbox (9.62216pt too wide) in paragraph at lines 4--5
\JY1/mc/m/n/10 が
 []


Overfull \hbox (9.62216pt too wide) in paragraph at lines 4--5
\JY1/mc/m/n/10 言
 []


Overfull \hbox (9.62216pt too wide) in paragraph at lines 4--5
\JY1/mc/m/n/10 え
 []


Overfull \hbox (14.1623pt too wide) in paragraph at lines 4--5
\JY1/mc/m/n/10 る 。 
 []

)
! Emergency stop.
<*> ./6.tex
           
*** (job aborted, no legal \end found)

 
Here is how much of TeX's memory you used:
 5 strings out of 493711
 25 string characters out of 6152388
 64110 words of memory out of 5000000
 3651 multiletter control sequences out of 15000+600000
 7511 words of font info for 31 fonts, out of 8000000 for 9000
 929 hyphenation exceptions out of 8191
 16i,4n,10p,680b,106s stack positions out of 5000i,500n,10000p,500000b,80000s
Output written on 6.dvi (1 page, 876 bytes).
